<?xml version="1.0" encoding="UTF-8"?>
<!-- Generated by org.testng.reporters.JUnitXMLReporter -->
<testsuite ignored="3" hostname="DESKTOP-6JOPDOJ" failures="0" tests="1" name="8ijiujij" time="0.071" errors="0" timestamp="2024-02-26T16:23:17 IST">
  <testcase classname="com.TestNG.Annotations" name="Bank" time="0.013"/>
  <testcase classname="com.TestNG.Annotations" name="Bank_3" time="0.0">
    <ignored/>
  </testcase> <!-- Bank_3 -->
  <testcase classname="com.TestNG.Annotations" name="Bank_1" time="0.0">
    <ignored/>
  </testcase> <!-- Bank_1 -->
  <testcase classname="com.TestNG.Annotations" name="Bank_2" time="0.0">
    <ignored/>
  </testcase> <!-- Bank_2 -->
</testsuite> <!-- 8ijiujij -->
