<?xml version="1.0" encoding="UTF-8"?>
<!-- Generated by org.testng.reporters.JUnitXMLReporter -->
<testsuite ignored="0" hostname="DESKTOP-6JOPDOJ" failures="0" tests="1" name="assigning employees" time="3.017" errors="0" timestamp="2024-03-03T09:26:31 IST">
  <testcase classname="com.Drop_Down.Base_for_dropdown" name="@BeforeClass ApplicationLaunch" time="2.939">
    <failure type="org.openqa.selenium.remote.NoSuchDriverException" message="Unable to obtain: Capabilities {acceptInsecureCerts: true, browserName: firefox, moz:debuggerAddress: true, moz:firefoxOptions: {}}, error Command failed with code: 65, executed: [--browser, firefox, --output, json]
error sending request for url (https://github.com/mozilla/geckodriver/releases/latest): error trying to connect: dns error: No such host is known. (os error 11001)
Build info: version: &amp;apos;4.12.1&amp;apos;, revision: &amp;apos;8e34639b11&amp;apos;
System info: os.name: &amp;apos;Windows 10&amp;apos;, os.arch: &amp;apos;amd64&amp;apos;, os.version: &amp;apos;10.0&amp;apos;, java.version: &amp;apos;17.0.5&amp;apos;
Driver info: driver.version: FirefoxDriver">
      <![CDATA[org.openqa.selenium.remote.NoSuchDriverException: Unable to obtain: Capabilities {acceptInsecureCerts: true, browserName: firefox, moz:debuggerAddress: true, moz:firefoxOptions: {}}, error Command failed with code: 65, executed: [--browser, firefox, --output, json]
error sending request for url (https://github.com/mozilla/geckodriver/releases/latest): error trying to connect: dns error: No such host is known. (os error 11001)
Build info: version: '4.12.1', revision: '8e34639b11'
System info: os.name: 'Windows 10', os.arch: 'amd64', os.version: '10.0', java.version: '17.0.5'
Driver info: driver.version: FirefoxDriver
at org.openqa.selenium.remote.service.DriverFinder.getPath(DriverFinder.java:25)
at org.openqa.selenium.remote.service.DriverFinder.getPath(DriverFinder.java:13)
at org.openqa.selenium.firefox.FirefoxDriver.generateExecutor(FirefoxDriver.java:141)
at org.openqa.selenium.firefox.FirefoxDriver.<init>(FirefoxDriver.java:132)
at org.openqa.selenium.firefox.FirefoxDriver.<init>(FirefoxDriver.java:127)
at org.openqa.selenium.firefox.FirefoxDriver.<init>(FirefoxDriver.java:112)
at org.openqa.selenium.firefox.FirefoxDriver.<init>(FirefoxDriver.java:102)
at com.Drop_Down.Base_for_dropdown.ApplicationLaunch(Base_for_dropdown.java:24)
at java.base/java.util.ArrayList.forEach(ArrayList.java:1511)
Caused by: org.openqa.selenium.WebDriverException: Command failed with code: 65, executed: [--browser, firefox, --output, json]
error sending request for url (https://github.com/mozilla/geckodriver/releases/latest): error trying to connect: dns error: No such host is known. (os error 11001)
Build info: version: '4.12.1', revision: '8e34639b11'
System info: os.name: 'Windows 10', os.arch: 'amd64', os.version: '10.0', java.version: '17.0.5'
Driver info: driver.version: FirefoxDriver
at org.openqa.selenium.manager.SeleniumManager.runCommand(SeleniumManager.java:144)
at org.openqa.selenium.manager.SeleniumManager.getDriverPath(SeleniumManager.java:299)
at org.openqa.selenium.remote.service.DriverFinder.getPath(DriverFinder.java:22)
... 33 more
... Removed 25 stack frames]]>
    </failure>
  </testcase> <!-- @BeforeClass ApplicationLaunch -->
  <testcase classname="com.Drop_Down.Base_for_dropdown" name="@AfterClass ApplicationClose" time="-1.709438191809E9">
    <skipped/>
  </testcase> <!-- @AfterClass ApplicationClose -->
  <testcase classname="com.Drop_Down.Select_language_2" name="Adminblock" time="0.0">
    <skipped/>
  </testcase> <!-- Adminblock -->
</testsuite> <!-- assigning employees -->
