<?xml version="1.0" encoding="UTF-8"?>
<!-- Generated by org.testng.reporters.JUnitXMLReporter -->
<testsuite ignored="2" hostname="DESKTOP-6JOPDOJ" failures="0" tests="4" name="Add Employee" time="22.537" errors="0" timestamp="2024-02-26T18:20:13 IST">
  <testcase classname="com.TestNG.Testng_ohrm" name="valid" time="5.109"/>
  <testcase classname="com.TestNG.Testng_ohrm" name="pim" time="1.331"/>
  <testcase classname="com.TestNG.Testng_ohrm" name="add_employee" time="7.472"/>
  <testcase classname="com.TestNG.Testng_ohrm" name="logout" time="0.88"/>
  <testcase classname="com.TestNG.Testng_ohrm" name="blank" time="0.0">
    <ignored/>
  </testcase> <!-- blank -->
  <testcase classname="com.TestNG.Testng_ohrm" name="invalid" time="0.0">
    <ignored/>
  </testcase> <!-- invalid -->
</testsuite> <!-- Add Employee -->
