<?xml version="1.0" encoding="UTF-8"?>
<!-- Generated by org.testng.reporters.JUnitXMLReporter -->
<testsuite ignored="3" hostname="DESKTOP-6JOPDOJ" failures="0" tests="1" name="validationofohrm" time="0.074" errors="0" timestamp="2024-02-27T11:25:23 IST">
  <testcase classname="com.TestNG.Annotations" name="Bank_2" time="0.012"/>
  <testcase classname="com.TestNG.Annotations" name="Bank_3" time="0.0">
    <ignored/>
  </testcase> <!-- Bank_3 -->
  <testcase classname="com.TestNG.Annotations" name="Bank_1" time="0.0">
    <ignored/>
  </testcase> <!-- Bank_1 -->
  <testcase classname="com.TestNG.Annotations" name="Bank" time="0.0">
    <ignored/>
  </testcase> <!-- Bank -->
</testsuite> <!-- validationofohrm -->
