<?xml version="1.0" encoding="UTF-8"?>
<testng-results ignored="0" total="1" passed="1" failed="0" skipped="0">
  <reporter-output>
  </reporter-output>
  <suite started-at="2024-03-13T17:10:25 IST" name="Default suite" finished-at="2024-03-13T17:10:48 IST" duration-ms="22942">
    <groups>
    </groups>
    <test started-at="2024-03-13T17:10:25 IST" name="Default test" finished-at="2024-03-13T17:10:48 IST" duration-ms="22942">
      <class name="com.Windows_Handling.Pop_up_alert">
        <test-method is-config="true" signature="applicationLaunch()[pri:0, instance:com.Windows_Handling.Pop_up_alert@6d4e5011]" started-at="2024-03-13T17:10:25 IST" name="applicationLaunch" finished-at="2024-03-13T17:10:42 IST" duration-ms="17022" status="PASS">
          <reporter-output>
          </reporter-output>
        </test-method> <!-- applicationLaunch -->
        <test-method signature="pop()[pri:0, instance:com.Windows_Handling.Pop_up_alert@6d4e5011]" started-at="2024-03-13T17:10:42 IST" name="pop" finished-at="2024-03-13T17:10:48 IST" duration-ms="5754" status="PASS">
          <reporter-output>
          </reporter-output>
        </test-method> <!-- pop -->
      </class> <!-- com.Windows_Handling.Pop_up_alert -->
    </test> <!-- Default test -->
  </suite> <!-- Default suite -->
</testng-results>
