<?xml version="1.0" encoding="UTF-8"?>
<!-- Generated by org.testng.reporters.JUnitXMLReporter -->
<testsuite ignored="0" hostname="DESKTOP-6JOPDOJ" failures="0" tests="4" name="com.TestNG" time="0.094" errors="0" timestamp="2024-02-26T16:16:23 IST">
  <testcase classname="com.TestNG.Annotations" name="Bank" time="0.014"/>
  <testcase classname="com.TestNG.Annotations" name="Bank_1" time="0.003"/>
  <testcase classname="com.TestNG.Annotations" name="Bank_2" time="0.004"/>
  <testcase classname="com.TestNG.Annotations" name="Bank_3" time="0.002"/>
</testsuite> <!-- com.TestNG -->
