<?xml version="1.0" encoding="UTF-8"?>
<!-- Generated by org.testng.reporters.JUnitXMLReporter -->
<testsuite ignored="1" hostname="DESKTOP-6JOPDOJ" failures="0" tests="5" name="log execution" time="0.102" errors="0" timestamp="2024-02-28T17:35:49 IST">
  <testcase classname="com.TestNG.Ex_annotations" name="testcase_1" time="0.01"/>
  <testcase classname="com.TestNG.Ex_annotations" name="testcase_2" time="0.005"/>
  <testcase classname="com.TestNG.Ex_annotations" name="testcase_3" time="0.001"/>
  <testcase classname="com.TestNG.Ex_annotations" name="testcase_4" time="0.001"/>
  <testcase classname="com.TestNG.Ex_annotations" name="testcase_6" time="0.002"/>
  <testcase classname="com.TestNG.Ex_annotations" name="testcase_5" time="0.0">
    <ignored/>
  </testcase> <!-- testcase_5 -->
</testsuite> <!-- log execution -->
